<?xml version="1.0" encoding="UTF-8"?>
<testsuite xmlns:xsi="http://www.w3.org/2001/XMLSchema-instance" xsi:noNamespaceSchemaLocation="https://maven.apache.org/surefire/maven-surefire-plugin/xsd/surefire-test-report-3.0.xsd" version="3.0" name="com.example.UserIntegrationMockTest" time="29.78" tests="1" errors="0" skipped="0" failures="0">
  <properties>
[...]
</properties>
  <testcase name="testGetUserWithMockService" classname="com.example.UserIntegrationMockTest" time="0.696">
    <system-out><![CDATA[20:24:53.773 [main] INFO org.springframework.test.context.support.AnnotationConfigContextLoaderUtils -- Could not detect default configuration classes for test class [com.example.UserIntegrationMockTest]: UserIntegrationMockTest does not declare any static, non-private, non-final, nested classes annotated with @Configuration.
20:24:54.770 [main] INFO org.springframework.boot.test.context.SpringBootTestContextBootstrapper -- Found @SpringBootConfiguration com.example.SpringTestingExercisesApplication for test class com.example.UserIntegrationMockTest
  .   ____          _            __ _ _
 /\\ / ___'_ __ _ _(_)_ __  __ _ \ \ \ \
( ( )\___ | '_ | '_| | '_ \/ _` | \ \ \ \
 \\/  ___)| |_)| | | | | || (_| |  ) ) ) )
  '  |____| .__|_| |_|_| |_\__, | / / / /
 =========|_|==============|___/=/_/_/_/

 :: Spring Boot ::                (v3.3.0)

2026-06-24T20:24:57.364+05:30  INFO 17212 --- [           main] com.example.UserIntegrationMockTest      : Starting UserIntegrationMockTest using Java 21.0.11 with PID 17212 (started by heman in D:\Projects\CogniznantDeepSkilling\Test driven development and Logging framework\mockito_junit_spring_exercises)
2026-06-24T20:24:57.366+05:30  INFO 17212 --- [           main] com.example.UserIntegrationMockTest      : No active profile set, falling back to 1 default profile: "default"
2026-06-24T20:25:00.887+05:30  INFO 17212 --- [           main] .s.d.r.c.RepositoryConfigurationDelegate : Bootstrapping Spring Data JPA repositories in DEFAULT mode.
2026-06-24T20:25:01.331+05:30  INFO 17212 --- [           main] .s.d.r.c.RepositoryConfigurationDelegate : Finished Spring Data repository scanning in 404 ms. Found 1 JPA repository interface.
2026-06-24T20:25:12.025+05:30  INFO 17212 --- [           main] o.hibernate.jpa.internal.util.LogHelper  : HHH000204: Processing PersistenceUnitInfo [name: default]
2026-06-24T20:25:12.345+05:30  INFO 17212 --- [           main] org.hibernate.Version                    : HHH000412: Hibernate ORM core version 6.5.2.Final
2026-06-24T20:25:12.511+05:30  INFO 17212 --- [           main] o.h.c.internal.RegionFactoryInitiator    : HHH000026: Second-level cache disabled
2026-06-24T20:25:13.151+05:30  INFO 17212 --- [           main] o.s.o.j.p.SpringPersistenceUnitInfo      : No LoadTimeWeaver setup: ignoring JPA class transformer
2026-06-24T20:25:13.227+05:30  INFO 17212 --- [           main] com.zaxxer.hikari.HikariDataSource       : HikariPool-1 - Starting...
2026-06-24T20:25:15.048+05:30  INFO 17212 --- [           main] com.zaxxer.hikari.pool.HikariPool        : HikariPool-1 - Added connection conn0: url=jdbc:h2:mem:testdb user=SA
2026-06-24T20:25:15.051+05:30  INFO 17212 --- [           main] com.zaxxer.hikari.HikariDataSource       : HikariPool-1 - Start completed.
2026-06-24T20:25:17.997+05:30  INFO 17212 --- [           main] o.h.e.t.j.p.i.JtaPlatformInitiator       : HHH000489: No JTA platform available (set 'hibernate.transaction.jta.platform' to enable JTA platform integration)
2026-06-24T20:25:18.288+05:30  INFO 17212 --- [           main] j.LocalContainerEntityManagerFactoryBean : Initialized JPA EntityManagerFactory for persistence unit 'default'
2026-06-24T20:25:19.129+05:30  WARN 17212 --- [           main] JpaBaseConfiguration$JpaWebConfiguration : spring.jpa.open-in-view is enabled by default. Therefore, database queries may be performed during view rendering. Explicitly configure spring.jpa.open-in-view to disable this warning
2026-06-24T20:25:21.554+05:30  INFO 17212 --- [           main] o.s.b.a.h2.H2ConsoleAutoConfiguration    : H2 console available at '/h2-console'. Database available at 'jdbc:h2:mem:testdb'
2026-06-24T20:25:21.699+05:30  INFO 17212 --- [           main] o.s.b.t.m.w.SpringBootMockServletContext : Initializing Spring TestDispatcherServlet ''
2026-06-24T20:25:21.701+05:30  INFO 17212 --- [           main] o.s.t.web.servlet.TestDispatcherServlet  : Initializing Servlet ''
2026-06-24T20:25:21.707+05:30  INFO 17212 --- [           main] o.s.t.web.servlet.TestDispatcherServlet  : Completed initialization in 1 ms
2026-06-24T20:25:21.751+05:30  INFO 17212 --- [           main] com.example.UserIntegrationMockTest      : Started UserIntegrationMockTest in 26.207 seconds (process running for 32.557)
Integration Response = {"id":1,"name":"John"}
]]></system-out>
    <system-err><![CDATA[WARNING: A Java agent has been loaded dynamically (C:\Users\heman\.m2\repository\net\bytebuddy\byte-buddy-agent\1.14.16\byte-buddy-agent-1.14.16.jar)
WARNING: If a serviceability tool is in use, please run with -XX:+EnableDynamicAgentLoading to hide this warning
WARNING: If a serviceability tool is not in use, please run with -Djdk.instrument.traceUsage for more information
WARNING: Dynamic loading of agents will be disallowed by default in a future release
]]></system-err>
  </testcase>
</testsuite>