<?xml version="1.0" encoding="UTF-8"?>
<testsuite xmlns:xsi="http://www.w3.org/2001/XMLSchema-instance" xsi:noNamespaceSchemaLocation="https://maven.apache.org/surefire/maven-surefire-plugin/xsd/surefire-test-report-3.0.xsd" version="3.0" name="com.example.customer.CustomerServiceApplicationTests" time="6.497" tests="1" errors="0" skipped="0" failures="0">
  <properties>
[...]
</properties>
  <testcase name="contextLoads" classname="com.example.customer.CustomerServiceApplicationTests" time="1.784">
    <system-out><![CDATA[16:22:27.353 [main] INFO org.springframework.test.context.support.AnnotationConfigContextLoaderUtils -- Could not detect default configuration classes for test class [com.example.customer.CustomerServiceApplicationTests]: CustomerServiceApplicationTests does not declare any static, non-private, non-final, nested classes annotated with @Configuration.
16:22:27.653 [main] INFO org.springframework.boot.test.context.SpringBootTestContextBootstrapper -- Found @SpringBootConfiguration com.example.customer.CustomerServiceApplication for test class com.example.customer.CustomerServiceApplicationTests

  .   ____          _            __ _ _
 /\\ / ___'_ __ _ _(_)_ __  __ _ \ \ \ \
( ( )\___ | '_ | '_| | '_ \/ _` | \ \ \ \
 \\/  ___)| |_)| | | | | || (_| |  ) ) ) )
  '  |____| .__|_| |_|_| |_\__, | / / / /
 =========|_|==============|___/=/_/_/_/

 :: Spring Boot ::                (v3.3.5)

2026-07-18T16:22:28.610+05:30  INFO 15936 --- [customer-service] [           main] c.e.c.CustomerServiceApplicationTests    : Starting CustomerServiceApplicationTests using Java 21.0.11 with PID 15936 (started by heman in D:\Projects\CogniznantDeepSkilling\8.MicroServices\microservices-exercises\customer-service)
2026-07-18T16:22:28.614+05:30  INFO 15936 --- [customer-service] [           main] c.e.c.CustomerServiceApplicationTests    : No active profile set, falling back to 1 default profile: "default"
2026-07-18T16:22:31.608+05:30  INFO 15936 --- [customer-service] [           main] c.e.c.CustomerServiceApplicationTests    : Started CustomerServiceApplicationTests in 3.622 seconds (process running for 5.61)
]]></system-out>
    <system-err><![CDATA[WARNING: A Java agent has been loaded dynamically (C:\Users\heman\.m2\repository\net\bytebuddy\byte-buddy-agent\1.14.19\byte-buddy-agent-1.14.19.jar)
WARNING: If a serviceability tool is in use, please run with -XX:+EnableDynamicAgentLoading to hide this warning
WARNING: If a serviceability tool is not in use, please run with -Djdk.instrument.traceUsage for more information
WARNING: Dynamic loading of agents will be disallowed by default in a future release
]]></system-err>
  </testcase>
</testsuite>