<?xml version="1.0" encoding="UTF-8"?>
<testsuite xmlns:xsi="http://www.w3.org/2001/XMLSchema-instance" xsi:noNamespaceSchemaLocation="https://maven.apache.org/surefire/maven-surefire-plugin/xsd/surefire-test-report-3.0.xsd" version="3.0" name="com.example.config.ConfigServerApplicationTests" time="8.559" tests="1" errors="0" skipped="0" failures="0">
  <properties>
[...]
</properties>
  <testcase name="contextLoads" classname="com.example.config.ConfigServerApplicationTests" time="1.637">
    <system-out><![CDATA[16:20:50.129 [main] INFO org.springframework.test.context.support.AnnotationConfigContextLoaderUtils -- Could not detect default configuration classes for test class [com.example.config.ConfigServerApplicationTests]: ConfigServerApplicationTests does not declare any static, non-private, non-final, nested classes annotated with @Configuration.
16:20:50.422 [main] INFO org.springframework.boot.test.context.SpringBootTestContextBootstrapper -- Found @SpringBootConfiguration com.example.config.ConfigServerApplication for test class com.example.config.ConfigServerApplicationTests

  .   ____          _            __ _ _
 /\\ / ___'_ __ _ _(_)_ __  __ _ \ \ \ \
( ( )\___ | '_ | '_| | '_ \/ _` | \ \ \ \
 \\/  ___)| |_)| | | | | || (_| |  ) ) ) )
  '  |____| .__|_| |_|_| |_\__, | / / / /
 =========|_|==============|___/=/_/_/_/

 :: Spring Boot ::                (v3.3.5)

2026-07-18T16:20:51.806+05:30  INFO 10728 --- [           main] c.e.config.ConfigServerApplicationTests  : Starting ConfigServerApplicationTests using Java 21.0.11 with PID 10728 (started by heman in D:\Projects\CogniznantDeepSkilling\8.MicroServices\microservices-exercises\config-server)
2026-07-18T16:20:51.809+05:30  INFO 10728 --- [           main] c.e.config.ConfigServerApplicationTests  : The following 1 profile is active: "native"
2026-07-18T16:20:54.405+05:30  INFO 10728 --- [           main] o.s.cloud.context.scope.GenericScope     : BeanFactory id=69a1608e-bc55-3193-8082-7311e1a11ea1
2026-07-18T16:20:56.633+05:30  INFO 10728 --- [           main] c.e.config.ConfigServerApplicationTests  : Started ConfigServerApplicationTests in 5.854 seconds (process running for 7.765)
]]></system-out>
    <system-err><![CDATA[WARNING: A Java agent has been loaded dynamically (C:\Users\heman\.m2\repository\net\bytebuddy\byte-buddy-agent\1.14.19\byte-buddy-agent-1.14.19.jar)
WARNING: If a serviceability tool is in use, please run with -XX:+EnableDynamicAgentLoading to hide this warning
WARNING: If a serviceability tool is not in use, please run with -Djdk.instrument.traceUsage for more information
WARNING: Dynamic loading of agents will be disallowed by default in a future release
]]></system-err>
  </testcase>
</testsuite>