<?xml version="1.0" encoding="UTF-8"?>
<testsuite xmlns:xsi="http://www.w3.org/2001/XMLSchema-instance" xsi:noNamespaceSchemaLocation="https://maven.apache.org/surefire/maven-surefire-plugin/xsd/surefire-test-report-3.0.xsd" version="3.0" name="com.example.eureka.EurekaServerApplicationTests" time="14.13" tests="1" errors="0" skipped="0" failures="0">
  <properties>
[...]
</properties>
  <testcase name="contextLoads" classname="com.example.eureka.EurekaServerApplicationTests" time="2.116">
    <system-out><![CDATA[Standard Commons Logging discovery in action with spring-jcl: please remove commons-logging.jar from classpath in order to avoid potential conflicts
16:20:25.563 [main] INFO org.springframework.test.context.support.AnnotationConfigContextLoaderUtils -- Could not detect default configuration classes for test class [com.example.eureka.EurekaServerApplicationTests]: EurekaServerApplicationTests does not declare any static, non-private, non-final, nested classes annotated with @Configuration.
16:20:25.814 [main] INFO org.springframework.boot.test.context.SpringBootTestContextBootstrapper -- Found @SpringBootConfiguration com.example.eureka.EurekaServerApplication for test class com.example.eureka.EurekaServerApplicationTests

  .   ____          _            __ _ _
 /\\ / ___'_ __ _ _(_)_ __  __ _ \ \ \ \
( ( )\___ | '_ | '_| | '_ \/ _` | \ \ \ \
 \\/  ___)| |_)| | | | | || (_| |  ) ) ) )
  '  |____| .__|_| |_|_| |_\__, | / / / /
 =========|_|==============|___/=/_/_/_/

 :: Spring Boot ::                (v3.3.5)

2026-07-18T16:20:27.064+05:30  INFO 7124 --- [           main] c.e.eureka.EurekaServerApplicationTests  : Starting EurekaServerApplicationTests using Java 21.0.11 with PID 7124 (started by heman in D:\Projects\CogniznantDeepSkilling\8.MicroServices\microservices-exercises\eureka-server)
2026-07-18T16:20:27.068+05:30  INFO 7124 --- [           main] c.e.eureka.EurekaServerApplicationTests  : No active profile set, falling back to 1 default profile: "default"
2026-07-18T16:20:30.482+05:30  INFO 7124 --- [           main] o.s.cloud.context.scope.GenericScope     : BeanFactory id=42820cf5-323e-34ac-833c-dede01824476
2026-07-18T16:20:34.856+05:30  WARN 7124 --- [           main] iguration$LoadBalancerCaffeineWarnLogger : Spring Cloud LoadBalancer is currently working with the default cache. While this cache implementation is useful for development and tests, it's recommended to use Caffeine cache in production.You can switch to using Caffeine cache, by adding it and org.springframework.cache.caffeine.CaffeineCacheManager to the classpath.
2026-07-18T16:20:35.469+05:30  INFO 7124 --- [           main] o.s.c.n.eureka.InstanceInfoFactory       : Setting initial instance status as: STARTING
2026-07-18T16:20:35.508+05:30  INFO 7124 --- [           main] com.netflix.discovery.DiscoveryClient    : Initializing Eureka in region us-east-1
2026-07-18T16:20:35.509+05:30  INFO 7124 --- [           main] com.netflix.discovery.DiscoveryClient    : Client configured to neither register nor query for data.
2026-07-18T16:20:35.511+05:30  INFO 7124 --- [           main] com.netflix.discovery.DiscoveryClient    : Discovery Client initialized at timestamp 1784371835511 with initial instances count: 0
2026-07-18T16:20:35.582+05:30  INFO 7124 --- [           main] c.n.eureka.DefaultEurekaServerContext    : Initializing ...
2026-07-18T16:20:35.588+05:30  INFO 7124 --- [           main] c.n.eureka.cluster.PeerEurekaNodes       : Adding new peer nodes [http://localhost:8761/eureka/]
2026-07-18T16:20:36.084+05:30  INFO 7124 --- [           main] c.n.d.provider.DiscoveryJerseyProvider   : Using JSON encoding codec LegacyJacksonJson
2026-07-18T16:20:36.084+05:30  INFO 7124 --- [           main] c.n.d.provider.DiscoveryJerseyProvider   : Using JSON decoding codec LegacyJacksonJson
2026-07-18T16:20:36.084+05:30  INFO 7124 --- [           main] c.n.d.provider.DiscoveryJerseyProvider   : Using XML encoding codec XStreamXml
2026-07-18T16:20:36.087+05:30  INFO 7124 --- [           main] c.n.d.provider.DiscoveryJerseyProvider   : Using XML decoding codec XStreamXml
2026-07-18T16:20:36.270+05:30  INFO 7124 --- [           main] c.n.eureka.cluster.PeerEurekaNodes       : Replica node URL:  http://localhost:8761/eureka/
2026-07-18T16:20:36.283+05:30  INFO 7124 --- [           main] c.n.e.registry.AbstractInstanceRegistry  : Finished initializing remote region registries. All known remote regions: []
2026-07-18T16:20:36.283+05:30  INFO 7124 --- [           main] c.n.eureka.DefaultEurekaServerContext    : Initialized
2026-07-18T16:20:36.545+05:30  INFO 7124 --- [           main] o.s.b.a.e.web.EndpointLinksResolver      : Exposing 1 endpoint beneath base path '/actuator'
2026-07-18T16:20:36.664+05:30  INFO 7124 --- [           main] o.s.c.n.e.s.EurekaServiceRegistry        : Registering application UNKNOWN with eureka with status UP
2026-07-18T16:20:36.705+05:30  INFO 7124 --- [      Thread-10] o.s.c.n.e.server.EurekaServerBootstrap   : isAws returned false
2026-07-18T16:20:36.706+05:30  INFO 7124 --- [      Thread-10] o.s.c.n.e.server.EurekaServerBootstrap   : Initialized server context
2026-07-18T16:20:36.707+05:30  INFO 7124 --- [      Thread-10] c.n.e.r.PeerAwareInstanceRegistryImpl    : Got 1 instances from neighboring DS node
2026-07-18T16:20:36.708+05:30  INFO 7124 --- [      Thread-10] c.n.e.r.PeerAwareInstanceRegistryImpl    : Renew threshold is: 1
2026-07-18T16:20:36.709+05:30  INFO 7124 --- [      Thread-10] c.n.e.r.PeerAwareInstanceRegistryImpl    : Changing status to UP
2026-07-18T16:20:36.710+05:30  INFO 7124 --- [           main] c.e.eureka.EurekaServerApplicationTests  : Started EurekaServerApplicationTests in 10.497 seconds (process running for 13.2)
2026-07-18T16:20:36.714+05:30  INFO 7124 --- [      Thread-10] e.s.EurekaServerInitializerConfiguration : Started Eureka Server
]]></system-out>
    <system-err><![CDATA[WARNING: A Java agent has been loaded dynamically (C:\Users\heman\.m2\repository\net\bytebuddy\byte-buddy-agent\1.14.19\byte-buddy-agent-1.14.19.jar)
WARNING: If a serviceability tool is in use, please run with -XX:+EnableDynamicAgentLoading to hide this warning
WARNING: If a serviceability tool is not in use, please run with -Djdk.instrument.traceUsage for more information
WARNING: Dynamic loading of agents will be disallowed by default in a future release
]]></system-err>
  </testcase>
</testsuite>